<?xml version="1.0" encoding="UTF-8"?>
<!-- Generated by org.testng.reporters.JUnitReportReporter -->
<testsuite hostname="achatterjee-ltm.internal.salesforce.com" failures="0" tests="1" name="sample.Demo" time="26.127" errors="0" timestamp="2020-12-24T00:51:31 IST" skipped="0">
  <testcase classname="sample.Demo" name="login" time="26.127"/>
  <system-out/>
</testsuite> <!-- sample.Demo -->
